countable.cpp(28): (col. 3) remark: vectorization support: unroll factor set to 4.
countable.cpp(28): (col. 3) remark: LOOP WAS VECTORIZED.
countable.cpp(33): (col. 3) remark: loop was not vectorized: nonstandard loop is not a vectorization candidate.
countable.cpp(43): (col. 15) remark: vectorization support: call to function _ZNSolsEd cannot be vectorized.
countable.cpp(43): (col. 27) remark: vectorization support: call to function _ZStlsISt11char_traitsIcEERSt13basic_ostreamIcT_ES5_PKc cannot be vectorized.
countable.cpp(42): (col. 3) remark: loop was not vectorized: existence of vector dependence.
countable.cpp(28): (col. 3) remark: vectorization support: unroll factor set to 4.
countable.cpp(28): (col. 3) remark: LOOP WAS VECTORIZED.
countable.cpp(33): (col. 3) remark: loop was not vectorized: nonstandard loop is not a vectorization candidate.
countable.cpp(43): (col. 15) remark: vectorization support: call to function _ZNSolsEd cannot be vectorized.
countable.cpp(43): (col. 27) remark: vectorization support: call to function _ZStlsISt11char_traitsIcEERSt13basic_ostreamIcT_ES5_PKc cannot be vectorized.
countable.cpp(42): (col. 3) remark: loop was not vectorized: existence of vector dependence.
countable.cpp(28): (col. 3) remark: vectorization support: unroll factor set to 4.
countable.cpp(28): (col. 3) remark: LOOP WAS VECTORIZED.
countable.cpp(33): (col. 3) remark: loop was not vectorized: nonstandard loop is not a vectorization candidate.
countable.cpp(43): (col. 15) remark: vectorization support: call to function _ZNSolsEd cannot be vectorized.
countable.cpp(43): (col. 27) remark: vectorization support: call to function _ZStlsISt11char_traitsIcEERSt13basic_ostreamIcT_ES5_PKc cannot be vectorized.
countable.cpp(42): (col. 3) remark: loop was not vectorized: existence of vector dependence.
countable.cpp(28): (col. 3) remark: vectorization support: unroll factor set to 4.
countable.cpp(28): (col. 3) remark: LOOP WAS VECTORIZED.
countable.cpp(33): (col. 3) remark: loop was not vectorized: nonstandard loop is not a vectorization candidate.
countable.cpp(43): (col. 15) remark: vectorization support: call to function _ZNSolsEd cannot be vectorized.
countable.cpp(43): (col. 27) remark: vectorization support: call to function _ZStlsISt11char_traitsIcEERSt13basic_ostreamIcT_ES5_PKc cannot be vectorized.
countable.cpp(42): (col. 3) remark: loop was not vectorized: existence of vector dependence.
countable.cpp(28): (col. 3) remark: vectorization support: unroll factor set to 4.
countable.cpp(28): (col. 3) remark: LOOP WAS VECTORIZED.
countable.cpp(33): (col. 3) remark: loop was not vectorized: nonstandard loop is not a vectorization candidate.
countable.cpp(43): (col. 15) remark: vectorization support: call to function _ZNSolsEd cannot be vectorized.
countable.cpp(43): (col. 27) remark: vectorization support: call to function _ZStlsISt11char_traitsIcEERSt13basic_ostreamIcT_ES5_PKc cannot be vectorized.
countable.cpp(42): (col. 3) remark: loop was not vectorized: existence of vector dependence.
countable.cpp(28): (col. 3) remark: vectorization support: unroll factor set to 4.
countable.cpp(28): (col. 3) remark: LOOP WAS VECTORIZED.
countable.cpp(33): (col. 3) remark: loop was not vectorized: nonstandard loop is not a vectorization candidate.
countable.cpp(43): (col. 15) remark: vectorization support: call to function _ZNSolsEd cannot be vectorized.
countable.cpp(43): (col. 27) remark: vectorization support: call to function _ZStlsISt11char_traitsIcEERSt13basic_ostreamIcT_ES5_PKc cannot be vectorized.
countable.cpp(42): (col. 3) remark: loop was not vectorized: existence of vector dependence.
